<?xml version="1.0" encoding="UTF-8"?>
<!-- Generated by org.testng.reporters.JUnitXMLReporter -->
<testsuite ignored="0" hostname="Vino" failures="0" tests="4" name="Default test" time="0.165" errors="0" timestamp="2020-05-24T23:11:03 IST">
  <testcase classname="Testlearn.dpparent" name="test1" time="0.016"/>
  <testcase classname="Testlearn.dpparent" name="test1" time="0.007"/>
  <testcase classname="Testlearn.dpparent" name="test2" time="0.005"/>
  <testcase classname="Testlearn.dpparent" name="test2" time="0.004"/>
</testsuite> <!-- Default test -->
