<?xml version="1.0" encoding="UTF-8"?>
<!-- Generated by org.testng.reporters.JUnitXMLReporter -->
<testsuite ignored="1" hostname="Vino" failures="0" tests="4" name="sample" time="0.269" errors="0" timestamp="2020-05-24T12:44:43 IST">
  <testcase classname="Testlearn.TestNgtwo" name="a_leftpanel" time="0.057"/>
  <testcase classname="Testlearn.TestNgtwo" name="rightpanel" time="0.02"/>
  <testcase classname="Testlearn.TestNgtwo" name="g_dashboard1" time="0.009"/>
  <testcase classname="Testlearn.TestNgtwo" name="dashboard2" time="0.006"/>
  <testcase classname="Testlearn.TestNgtwo" name="incomplete" time="0.0">
    <ignored/>
  </testcase> <!-- incomplete -->
</testsuite> <!-- sample -->
