<?xml version="1.0" encoding="UTF-8"?>
<!-- Generated by org.testng.reporters.JUnitXMLReporter -->
<testsuite ignored="1" hostname="Vino" failures="0" tests="2" name="sample2" time="0.529" errors="0" timestamp="2020-05-24T12:51:00 IST">
  <testcase classname="Testlearn.TestNgbasic" name="displaylogin" time="0.024"/>
  <testcase classname="Testlearn.TestNgbasic" name="registerpage1" time="0.004"/>
  <testcase classname="Testlearn.TestNgbasic" name="registerpage2" time="0.0">
    <ignored/>
  </testcase> <!-- registerpage2 -->
</testsuite> <!-- sample2 -->
