<?xml version="1.0" encoding="UTF-8"?>
<!-- Generated by org.testng.reporters.JUnitXMLReporter -->
<testsuite ignored="0" hostname="Vino" failures="0" tests="4" name="t1t2 and listener and externaldp" time="0.219" errors="0" timestamp="2020-05-24T21:29:29 IST">
  <testcase classname="Testlearn.t1t2" name="Testcase1" time="0.023"/>
  <testcase classname="Testlearn.t1t2" name="Testcase1" time="0.008"/>
  <testcase classname="Testlearn.t1t2" name="Testcase2" time="0.009"/>
  <testcase classname="Testlearn.t1t2" name="Testcase2" time="0.012"/>
</testsuite> <!-- t1t2 and listener and externaldp -->
