<?xml version="1.0" encoding="UTF-8"?>
<!-- Generated by org.testng.reporters.JUnitXMLReporter -->
<testsuite ignored="0" hostname="Vino" failures="2" tests="4" name="t1t2 and listener and externaldp" time="0.352" errors="0" timestamp="2020-05-05T00:43:30 IST">
  <testcase classname="Testlearn.t1t2" name="Testcase1" time="0.075">
    <failure type="java.lang.AssertionError" message="null">
      <![CDATA[java.lang.AssertionError: null
at Testlearn.t1t2.Testcase1(t1t2.java:15)
at java.base/java.util.ArrayList.forEach(ArrayList.java:1510)
... Removed 29 stack frames]]>
    </failure>
  </testcase> <!-- Testcase1 -->
  <testcase classname="Testlearn.t1t2" name="Testcase1" time="0.024">
    <failure type="java.lang.AssertionError" message="null">
      <![CDATA[java.lang.AssertionError: null
at Testlearn.t1t2.Testcase1(t1t2.java:15)
at java.base/java.util.ArrayList.forEach(ArrayList.java:1510)
... Removed 29 stack frames]]>
    </failure>
  </testcase> <!-- Testcase1 -->
  <testcase classname="Testlearn.t1t2" name="Testcase2" time="0.011"/>
  <testcase classname="Testlearn.t1t2" name="Testcase2" time="0.006"/>
</testsuite> <!-- t1t2 and listener and externaldp -->
