<?xml version="1.0" encoding="UTF-8"?>
<testng-results ignored="0" total="4" passed="4" failed="0" skipped="0">
  <reporter-output>
  </reporter-output>
  <suite started-at="2020-05-10T20:49:04 IST" name="Parallel exe using parametrization" finished-at="2020-05-10T20:49:13 IST" duration-ms="8988">
    <groups>
    </groups>
    <test started-at="2020-05-10T20:49:04 IST" name="XMLPara1" finished-at="2020-05-10T20:49:13 IST" duration-ms="8894">
      <class name="Testlearn.Tparalel">
        <test-method signature="IEBrowser(java.lang.String)[pri:0, instance:Testlearn.Tparalel@30b7c004]" started-at="2020-05-10T20:49:04 IST" name="IEBrowser" finished-at="2020-05-10T20:49:04 IST" duration-ms="23" status="PASS">
          <params>
            <param index="0">
              <value>
                <![CDATA[chrome]]>
              </value>
            </param>
          </params>
          <reporter-output>
          </reporter-output>
        </test-method> <!-- IEBrowser -->
        <test-method signature="chromeBrowser(java.lang.String)[pri:0, instance:Testlearn.Tparalel@30b7c004]" started-at="2020-05-10T20:49:04 IST" name="chromeBrowser" finished-at="2020-05-10T20:49:13 IST" duration-ms="8743" status="PASS">
          <params>
            <param index="0">
              <value>
                <![CDATA[chrome]]>
              </value>
            </param>
          </params>
          <reporter-output>
          </reporter-output>
        </test-method> <!-- chromeBrowser -->
      </class> <!-- Testlearn.Tparalel -->
    </test> <!-- XMLPara1 -->
    <test started-at="2020-05-10T20:49:04 IST" name="XMLPara" finished-at="2020-05-10T20:49:13 IST" duration-ms="8988">
      <class name="Testlearn.Tparalel">
        <test-method signature="IEBrowser(java.lang.String)[pri:0, instance:Testlearn.Tparalel@6a01e23]" started-at="2020-05-10T20:49:04 IST" name="IEBrowser" finished-at="2020-05-10T20:49:13 IST" duration-ms="8880" status="PASS">
          <params>
            <param index="0">
              <value>
                <![CDATA[IE]]>
              </value>
            </param>
          </params>
          <reporter-output>
          </reporter-output>
        </test-method> <!-- IEBrowser -->
        <test-method signature="chromeBrowser(java.lang.String)[pri:0, instance:Testlearn.Tparalel@6a01e23]" started-at="2020-05-10T20:49:13 IST" name="chromeBrowser" finished-at="2020-05-10T20:49:13 IST" duration-ms="4" status="PASS">
          <params>
            <param index="0">
              <value>
                <![CDATA[IE]]>
              </value>
            </param>
          </params>
          <reporter-output>
          </reporter-output>
        </test-method> <!-- chromeBrowser -->
      </class> <!-- Testlearn.Tparalel -->
    </test> <!-- XMLPara -->
  </suite> <!-- Parallel exe using parametrization -->
</testng-results>
