<?xml version="1.0" encoding="UTF-8"?>
<!-- Generated by org.testng.reporters.JUnitXMLReporter -->
<testsuite ignored="0" hostname="Vino" failures="0" tests="3" name="test1" time="0.19" errors="0" timestamp="2020-05-01T19:02:48 IST">
  <testcase classname="Testlearn.TestNgtwo" name="a_leftpanel" time="0.027"/>
  <testcase classname="Testlearn.TestNgtwo" name="g_dashboard1" time="0.006"/>
  <testcase classname="Testlearn.TestNgtwo" name="dashboard2" time="0.004"/>
</testsuite> <!-- test1 -->
